app/build/intermediates/manifest_merge_blame_file/debug/manifest-merger-blame-debug-report.txt
1<?xml version="1.0" encoding="utf-8"?>
2<manifest xmlns:android="http://schemas.android.com/apk/res/android"
3    package="com.example.doorstep"
4    android:versionCode="1"
5    android:versionName="1.0" >
6
7    <uses-sdk
8        android:minSdkVersion="23"
8-->src/main/AndroidManifest.xml
9        android:targetSdkVersion="30" />
9-->src/main/AndroidManifest.xml
10
11    <uses-permission android:name="android.permission.INTERNET" />
11-->src/main/AndroidManifest.xml:4:5-67
11-->src/main/AndroidManifest.xml:4:22-64
12    <uses-permission android:name="android.permission.READ_EXTERNAL_STORAGE" />
12-->src/main/AndroidManifest.xml:5:5-79
12-->src/main/AndroidManifest.xml:5:22-77
13    <uses-permission android:name="android.permission.WRITE_EXTERNAL_STORAGE" />
13-->src/main/AndroidManifest.xml:6:5-80
13-->src/main/AndroidManifest.xml:6:22-78
14    <uses-permission android:name="android.permission.ACCESS_NETWORK_STATE" />
14-->[com.firebaseui:firebase-ui-auth:6.4.0] AndroidManifest.xml:12:5-79
14-->[com.firebaseui:firebase-ui-auth:6.4.0] AndroidManifest.xml:12:22-76
15    <uses-permission android:name="android.permission.WAKE_LOCK" />
15-->[com.google.android.gms:play-services-measurement-api:18.0.3] AndroidManifest.xml:24:5-68
15-->[com.google.android.gms:play-services-measurement-api:18.0.3] AndroidManifest.xml:24:22-65
16    <uses-permission android:name="com.google.android.finsky.permission.BIND_GET_INSTALL_REFERRER_SERVICE" />
16-->[com.google.android.gms:play-services-measurement:18.0.3] AndroidManifest.xml:26:5-110
16-->[com.google.android.gms:play-services-measurement:18.0.3] AndroidManifest.xml:26:22-107
17
18    <application
18-->src/main/AndroidManifest.xml:8:5-37:19
19        android:allowBackup="true"
19-->src/main/AndroidManifest.xml:9:9-35
20        android:appComponentFactory="androidx.core.app.CoreComponentFactory"
20-->[androidx.core:core:1.3.1] AndroidManifest.xml:24:18-86
21        android:debuggable="true"
22        android:extractNativeLibs="false"
23        android:icon="@mipmap/ic_launcher"
23-->src/main/AndroidManifest.xml:10:9-43
24        android:label="@string/app_name"
24-->src/main/AndroidManifest.xml:11:9-41
25        android:roundIcon="@mipmap/ic_launcher_round"
25-->src/main/AndroidManifest.xml:12:9-54
26        android:supportsRtl="true"
26-->src/main/AndroidManifest.xml:13:9-35
27        android:testOnly="true"
28        android:theme="@style/Theme.DoorStep" >
28-->src/main/AndroidManifest.xml:14:9-46
29        <activity android:name="com.example.doorstep.MainActivity" >
29-->src/main/AndroidManifest.xml:16:9-22:20
29-->src/main/AndroidManifest.xml:16:19-47
30            <intent-filter>
30-->src/main/AndroidManifest.xml:17:13-21:29
31                <action android:name="android.intent.action.MAIN" />
31-->src/main/AndroidManifest.xml:18:17-69
31-->src/main/AndroidManifest.xml:18:25-66
32
33                <category android:name="android.intent.category.LAUNCHER" />
33-->src/main/AndroidManifest.xml:20:17-77
33-->src/main/AndroidManifest.xml:20:27-74
34            </intent-filter>
35        </activity>
36        <activity
36-->src/main/AndroidManifest.xml:24:9-25:56
37            android:name="com.example.doorstep.Login"
37-->src/main/AndroidManifest.xml:24:19-40
38            android:windowSoftInputMode="stateHidden" />
38-->src/main/AndroidManifest.xml:25:13-54
39        <activity
39-->src/main/AndroidManifest.xml:26:9-27:56
40            android:name="com.example.doorstep.SignUp"
40-->src/main/AndroidManifest.xml:26:19-41
41            android:windowSoftInputMode="stateHidden" />
41-->src/main/AndroidManifest.xml:27:13-54
42        <activity
42-->src/main/AndroidManifest.xml:28:9-29:56
43            android:name="com.example.doorstep.ResetPassword"
43-->src/main/AndroidManifest.xml:28:19-48
44            android:windowSoftInputMode="stateHidden" />
44-->src/main/AndroidManifest.xml:29:13-54
45        <activity
45-->src/main/AndroidManifest.xml:30:9-31:56
46            android:name="com.example.doorstep.EditProfile"
46-->src/main/AndroidManifest.xml:30:19-46
47            android:windowSoftInputMode="stateHidden" />
47-->src/main/AndroidManifest.xml:31:13-54
48        <activity
48-->src/main/AndroidManifest.xml:32:9-33:56
49            android:name="com.example.doorstep.Home"
49-->src/main/AndroidManifest.xml:32:19-39
50            android:windowSoftInputMode="stateHidden" />
50-->src/main/AndroidManifest.xml:33:13-54
51        <activity
51-->src/main/AndroidManifest.xml:34:9-35:56
52            android:name="com.example.doorstep.ProfileActivity"
52-->src/main/AndroidManifest.xml:34:19-50
53            android:windowSoftInputMode="stateHidden" />
53-->src/main/AndroidManifest.xml:35:13-54
54
55        <meta-data
55-->[com.firebaseui:firebase-ui-auth:6.4.0] AndroidManifest.xml:16:9-18:69
56            android:name="com.google.android.gms.version"
56-->[com.firebaseui:firebase-ui-auth:6.4.0] AndroidManifest.xml:17:13-58
57            android:value="@integer/google_play_services_version" />
57-->[com.firebaseui:firebase-ui-auth:6.4.0] AndroidManifest.xml:18:13-66
58        <meta-data
58-->[com.firebaseui:firebase-ui-auth:6.4.0] AndroidManifest.xml:19:9-21:63
59            android:name="com.facebook.sdk.ApplicationId"
59-->[com.firebaseui:firebase-ui-auth:6.4.0] AndroidManifest.xml:20:13-58
60            android:value="@string/facebook_application_id" />
60-->[com.firebaseui:firebase-ui-auth:6.4.0] AndroidManifest.xml:21:13-60
61
62        <activity
62-->[com.firebaseui:firebase-ui-auth:6.4.0] AndroidManifest.xml:23:9-27:61
63            android:name="com.firebase.ui.auth.KickoffActivity"
63-->[com.firebaseui:firebase-ui-auth:6.4.0] AndroidManifest.xml:24:13-64
64            android:exported="false"
64-->[com.firebaseui:firebase-ui-auth:6.4.0] AndroidManifest.xml:25:13-37
65            android:label=""
65-->[com.firebaseui:firebase-ui-auth:6.4.0] AndroidManifest.xml:26:13-29
66            android:theme="@style/FirebaseUI.Transparent" />
66-->[com.firebaseui:firebase-ui-auth:6.4.0] AndroidManifest.xml:27:13-58
67        <activity
67-->[com.firebaseui:firebase-ui-auth:6.4.0] AndroidManifest.xml:28:9-32:61
68            android:name="com.firebase.ui.auth.ui.idp.SingleSignInActivity"
68-->[com.firebaseui:firebase-ui-auth:6.4.0] AndroidManifest.xml:29:13-76
69            android:exported="false"
69-->[com.firebaseui:firebase-ui-auth:6.4.0] AndroidManifest.xml:30:13-37
70            android:label=""
70-->[com.firebaseui:firebase-ui-auth:6.4.0] AndroidManifest.xml:31:13-29
71            android:theme="@style/FirebaseUI.Transparent" />
71-->[com.firebaseui:firebase-ui-auth:6.4.0] AndroidManifest.xml:32:13-58
72        <activity
72-->[com.firebaseui:firebase-ui-auth:6.4.0] AndroidManifest.xml:33:9-37:61
73            android:name="com.firebase.ui.auth.ui.credentials.CredentialSaveActivity"
73-->[com.firebaseui:firebase-ui-auth:6.4.0] AndroidManifest.xml:34:13-86
74            android:exported="false"
74-->[com.firebaseui:firebase-ui-auth:6.4.0] AndroidManifest.xml:35:13-37
75            android:label=""
75-->[com.firebaseui:firebase-ui-auth:6.4.0] AndroidManifest.xml:36:13-29
76            android:theme="@style/FirebaseUI.Transparent" />
76-->[com.firebaseui:firebase-ui-auth:6.4.0] AndroidManifest.xml:37:13-58
77        <activity
77-->[com.firebaseui:firebase-ui-auth:6.4.0] AndroidManifest.xml:38:9-42:58
78            android:name="com.firebase.ui.auth.ui.email.RecoverPasswordActivity"
78-->[com.firebaseui:firebase-ui-auth:6.4.0] AndroidManifest.xml:39:13-81
79            android:exported="false"
79-->[com.firebaseui:firebase-ui-auth:6.4.0] AndroidManifest.xml:40:13-37
80            android:label="@string/fui_title_recover_password_activity"
80-->[com.firebaseui:firebase-ui-auth:6.4.0] AndroidManifest.xml:41:13-72
81            android:windowSoftInputMode="adjustResize" />
81-->[com.firebaseui:firebase-ui-auth:6.4.0] AndroidManifest.xml:42:13-55
82        <activity
82-->[com.firebaseui:firebase-ui-auth:6.4.0] AndroidManifest.xml:43:9-47:58
83            android:name="com.firebase.ui.auth.ui.email.EmailActivity"
83-->[com.firebaseui:firebase-ui-auth:6.4.0] AndroidManifest.xml:44:13-71
84            android:exported="false"
84-->[com.firebaseui:firebase-ui-auth:6.4.0] AndroidManifest.xml:45:13-37
85            android:label="@string/fui_sign_in_default"
85-->[com.firebaseui:firebase-ui-auth:6.4.0] AndroidManifest.xml:46:13-56
86            android:windowSoftInputMode="adjustResize" />
86-->[com.firebaseui:firebase-ui-auth:6.4.0] AndroidManifest.xml:47:13-55
87        <activity
87-->[com.firebaseui:firebase-ui-auth:6.4.0] AndroidManifest.xml:48:9-52:77
88            android:name="com.firebase.ui.auth.ui.phone.PhoneActivity"
88-->[com.firebaseui:firebase-ui-auth:6.4.0] AndroidManifest.xml:49:13-71
89            android:exported="false"
89-->[com.firebaseui:firebase-ui-auth:6.4.0] AndroidManifest.xml:50:13-37
90            android:label="@string/fui_sign_in_with_phone_number"
90-->[com.firebaseui:firebase-ui-auth:6.4.0] AndroidManifest.xml:51:13-66
91            android:windowSoftInputMode="adjustResize|stateAlwaysVisible" />
91-->[com.firebaseui:firebase-ui-auth:6.4.0] AndroidManifest.xml:52:13-74
92        <activity
92-->[com.firebaseui:firebase-ui-auth:6.4.0] AndroidManifest.xml:53:9-57:58
93            android:name="com.firebase.ui.auth.ui.idp.WelcomeBackIdpPrompt"
93-->[com.firebaseui:firebase-ui-auth:6.4.0] AndroidManifest.xml:54:13-76
94            android:exported="false"
94-->[com.firebaseui:firebase-ui-auth:6.4.0] AndroidManifest.xml:55:13-37
95            android:label="@string/fui_title_welcome_back_idp_prompt"
95-->[com.firebaseui:firebase-ui-auth:6.4.0] AndroidManifest.xml:56:13-70
96            android:windowSoftInputMode="adjustResize" />
96-->[com.firebaseui:firebase-ui-auth:6.4.0] AndroidManifest.xml:57:13-55
97        <activity
97-->[com.firebaseui:firebase-ui-auth:6.4.0] AndroidManifest.xml:58:9-62:58
98            android:name="com.firebase.ui.auth.ui.email.WelcomeBackPasswordPrompt"
98-->[com.firebaseui:firebase-ui-auth:6.4.0] AndroidManifest.xml:59:13-83
99            android:exported="false"
99-->[com.firebaseui:firebase-ui-auth:6.4.0] AndroidManifest.xml:60:13-37
100            android:label="@string/fui_title_welcome_back_password_prompt"
100-->[com.firebaseui:firebase-ui-auth:6.4.0] AndroidManifest.xml:61:13-75
101            android:windowSoftInputMode="adjustResize" />
101-->[com.firebaseui:firebase-ui-auth:6.4.0] AndroidManifest.xml:62:13-55
102        <activity
102-->[com.firebaseui:firebase-ui-auth:6.4.0] AndroidManifest.xml:63:9-67:58
103            android:name="com.firebase.ui.auth.ui.email.WelcomeBackEmailLinkPrompt"
103-->[com.firebaseui:firebase-ui-auth:6.4.0] AndroidManifest.xml:64:13-84
104            android:exported="false"
104-->[com.firebaseui:firebase-ui-auth:6.4.0] AndroidManifest.xml:65:13-37
105            android:label="@string/fui_title_welcome_back_password_prompt"
105-->[com.firebaseui:firebase-ui-auth:6.4.0] AndroidManifest.xml:66:13-75
106            android:windowSoftInputMode="adjustResize" />
106-->[com.firebaseui:firebase-ui-auth:6.4.0] AndroidManifest.xml:67:13-55
107        <activity
107-->[com.firebaseui:firebase-ui-auth:6.4.0] AndroidManifest.xml:68:9-73:58
108            android:name="com.firebase.ui.auth.ui.email.EmailLinkCatcherActivity"
108-->[com.firebaseui:firebase-ui-auth:6.4.0] AndroidManifest.xml:69:13-82
109            android:exported="false"
109-->[com.firebaseui:firebase-ui-auth:6.4.0] AndroidManifest.xml:70:13-37
110            android:label=""
110-->[com.firebaseui:firebase-ui-auth:6.4.0] AndroidManifest.xml:71:13-29
111            android:theme="@style/FirebaseUI.Transparent"
111-->[com.firebaseui:firebase-ui-auth:6.4.0] AndroidManifest.xml:72:13-58
112            android:windowSoftInputMode="adjustResize" />
112-->[com.firebaseui:firebase-ui-auth:6.4.0] AndroidManifest.xml:73:13-55
113        <activity
113-->[com.firebaseui:firebase-ui-auth:6.4.0] AndroidManifest.xml:74:9-78:58
114            android:name="com.firebase.ui.auth.ui.email.EmailLinkErrorRecoveryActivity"
114-->[com.firebaseui:firebase-ui-auth:6.4.0] AndroidManifest.xml:75:13-88
115            android:exported="false"
115-->[com.firebaseui:firebase-ui-auth:6.4.0] AndroidManifest.xml:76:13-37
116            android:label="@string/fui_sign_in_default"
116-->[com.firebaseui:firebase-ui-auth:6.4.0] AndroidManifest.xml:77:13-56
117            android:windowSoftInputMode="adjustResize" />
117-->[com.firebaseui:firebase-ui-auth:6.4.0] AndroidManifest.xml:78:13-55
118        <activity
118-->[com.firebaseui:firebase-ui-auth:6.4.0] AndroidManifest.xml:79:9-82:65
119            android:name="com.firebase.ui.auth.ui.idp.AuthMethodPickerActivity"
119-->[com.firebaseui:firebase-ui-auth:6.4.0] AndroidManifest.xml:80:13-80
120            android:exported="false"
120-->[com.firebaseui:firebase-ui-auth:6.4.0] AndroidManifest.xml:81:13-37
121            android:label="@string/fui_default_toolbar_title" />
121-->[com.firebaseui:firebase-ui-auth:6.4.0] AndroidManifest.xml:82:13-62
122        <activity
122-->[com.firebaseui:firebase-ui-auth:6.4.0] AndroidManifest.xml:83:9-87:48
123            android:name="com.facebook.FacebookActivity"
123-->[com.firebaseui:firebase-ui-auth:6.4.0] AndroidManifest.xml:84:13-57
124            android:configChanges="keyboard|keyboardHidden|screenLayout|screenSize|orientation"
124-->[com.firebaseui:firebase-ui-auth:6.4.0] AndroidManifest.xml:85:13-96
125            android:label="@string/app_name" />
125-->[com.firebaseui:firebase-ui-auth:6.4.0] AndroidManifest.xml:86:13-45
126        <activity
126-->[com.firebaseui:firebase-ui-auth:6.4.0] AndroidManifest.xml:88:9-100:20
127            android:name="com.facebook.CustomTabActivity"
127-->[com.firebaseui:firebase-ui-auth:6.4.0] AndroidManifest.xml:89:13-58
128            android:exported="true" >
128-->[com.firebaseui:firebase-ui-auth:6.4.0] AndroidManifest.xml:90:13-36
129            <intent-filter>
129-->[com.firebaseui:firebase-ui-auth:6.4.0] AndroidManifest.xml:92:13-99:29
130                <action android:name="android.intent.action.VIEW" />
130-->[com.firebaseui:firebase-ui-auth:6.4.0] AndroidManifest.xml:93:17-69
130-->[com.firebaseui:firebase-ui-auth:6.4.0] AndroidManifest.xml:93:25-66
131
132                <category android:name="android.intent.category.DEFAULT" />
132-->[com.firebaseui:firebase-ui-auth:6.4.0] AndroidManifest.xml:95:17-76
132-->[com.firebaseui:firebase-ui-auth:6.4.0] AndroidManifest.xml:95:27-73
133                <category android:name="android.intent.category.BROWSABLE" />
133-->[com.firebaseui:firebase-ui-auth:6.4.0] AndroidManifest.xml:96:17-78
133-->[com.firebaseui:firebase-ui-auth:6.4.0] AndroidManifest.xml:96:27-75
134
135                <data android:scheme="@string/facebook_login_protocol_scheme" />
135-->[com.firebaseui:firebase-ui-auth:6.4.0] AndroidManifest.xml:98:17-81
135-->[com.firebaseui:firebase-ui-auth:6.4.0] AndroidManifest.xml:98:23-78
136            </intent-filter>
137        </activity>
138
139        <provider
139-->[com.firebaseui:firebase-ui-auth:6.4.0] AndroidManifest.xml:102:9-106:38
140            android:name="com.firebase.ui.auth.data.client.AuthUiInitProvider"
140-->[com.firebaseui:firebase-ui-auth:6.4.0] AndroidManifest.xml:103:13-79
141            android:authorities="com.example.doorstep.authuiinitprovider"
141-->[com.firebaseui:firebase-ui-auth:6.4.0] AndroidManifest.xml:104:13-70
142            android:exported="false"
142-->[com.firebaseui:firebase-ui-auth:6.4.0] AndroidManifest.xml:105:13-37
143            android:initOrder="90" />
143-->[com.firebaseui:firebase-ui-auth:6.4.0] AndroidManifest.xml:106:13-35
144
145        <activity
145-->[com.google.firebase:firebase-auth:20.0.4] AndroidManifest.xml:27:9-44:20
146            android:name="com.google.firebase.auth.internal.GenericIdpActivity"
146-->[com.google.firebase:firebase-auth:20.0.4] AndroidManifest.xml:28:13-80
147            android:excludeFromRecents="true"
147-->[com.google.firebase:firebase-auth:20.0.4] AndroidManifest.xml:29:13-46
148            android:exported="true"
148-->[com.google.firebase:firebase-auth:20.0.4] AndroidManifest.xml:30:13-36
149            android:launchMode="singleTask"
149-->[com.google.firebase:firebase-auth:20.0.4] AndroidManifest.xml:31:13-44
150            android:theme="@android:style/Theme.Translucent.NoTitleBar" >
150-->[com.google.firebase:firebase-auth:20.0.4] AndroidManifest.xml:32:13-72
151            <intent-filter>
151-->[com.google.firebase:firebase-auth:20.0.4] AndroidManifest.xml:33:13-43:29
152                <action android:name="android.intent.action.VIEW" />
152-->[com.firebaseui:firebase-ui-auth:6.4.0] AndroidManifest.xml:93:17-69
152-->[com.firebaseui:firebase-ui-auth:6.4.0] AndroidManifest.xml:93:25-66
153
154                <category android:name="android.intent.category.DEFAULT" />
154-->[com.firebaseui:firebase-ui-auth:6.4.0] AndroidManifest.xml:95:17-76
154-->[com.firebaseui:firebase-ui-auth:6.4.0] AndroidManifest.xml:95:27-73
155                <category android:name="android.intent.category.BROWSABLE" />
155-->[com.firebaseui:firebase-ui-auth:6.4.0] AndroidManifest.xml:96:17-78
155-->[com.firebaseui:firebase-ui-auth:6.4.0] AndroidManifest.xml:96:27-75
156
157                <data
157-->[com.firebaseui:firebase-ui-auth:6.4.0] AndroidManifest.xml:98:17-81
158                    android:host="firebase.auth"
159                    android:path="/"
160                    android:scheme="genericidp" />
160-->[com.firebaseui:firebase-ui-auth:6.4.0] AndroidManifest.xml:98:23-78
161            </intent-filter>
162        </activity>
163        <activity
163-->[com.google.firebase:firebase-auth:20.0.4] AndroidManifest.xml:45:9-62:20
164            android:name="com.google.firebase.auth.internal.RecaptchaActivity"
164-->[com.google.firebase:firebase-auth:20.0.4] AndroidManifest.xml:46:13-79
165            android:excludeFromRecents="true"
165-->[com.google.firebase:firebase-auth:20.0.4] AndroidManifest.xml:47:13-46
166            android:exported="true"
166-->[com.google.firebase:firebase-auth:20.0.4] AndroidManifest.xml:48:13-36
167            android:launchMode="singleTask"
167-->[com.google.firebase:firebase-auth:20.0.4] AndroidManifest.xml:49:13-44
168            android:theme="@android:style/Theme.Translucent.NoTitleBar" >
168-->[com.google.firebase:firebase-auth:20.0.4] AndroidManifest.xml:50:13-72
169            <intent-filter>
169-->[com.google.firebase:firebase-auth:20.0.4] AndroidManifest.xml:51:13-61:29
170                <action android:name="android.intent.action.VIEW" />
170-->[com.firebaseui:firebase-ui-auth:6.4.0] AndroidManifest.xml:93:17-69
170-->[com.firebaseui:firebase-ui-auth:6.4.0] AndroidManifest.xml:93:25-66
171
172                <category android:name="android.intent.category.DEFAULT" />
172-->[com.firebaseui:firebase-ui-auth:6.4.0] AndroidManifest.xml:95:17-76
172-->[com.firebaseui:firebase-ui-auth:6.4.0] AndroidManifest.xml:95:27-73
173                <category android:name="android.intent.category.BROWSABLE" />
173-->[com.firebaseui:firebase-ui-auth:6.4.0] AndroidManifest.xml:96:17-78
173-->[com.firebaseui:firebase-ui-auth:6.4.0] AndroidManifest.xml:96:27-75
174
175                <data
175-->[com.firebaseui:firebase-ui-auth:6.4.0] AndroidManifest.xml:98:17-81
176                    android:host="firebase.auth"
177                    android:path="/"
178                    android:scheme="recaptcha" />
178-->[com.firebaseui:firebase-ui-auth:6.4.0] AndroidManifest.xml:98:23-78
179            </intent-filter>
180        </activity>
181
182        <service
182-->[com.google.firebase:firebase-auth:20.0.4] AndroidManifest.xml:64:9-73:19
183            android:name="com.google.firebase.auth.api.fallback.service.FirebaseAuthFallbackService"
183-->[com.google.firebase:firebase-auth:20.0.4] AndroidManifest.xml:65:13-101
184            android:enabled="true"
184-->[com.google.firebase:firebase-auth:20.0.4] AndroidManifest.xml:66:13-35
185            android:exported="false" >
185-->[com.google.firebase:firebase-auth:20.0.4] AndroidManifest.xml:67:13-37
186            <intent-filter>
186-->[com.google.firebase:firebase-auth:20.0.4] AndroidManifest.xml:68:13-72:29
187                <action android:name="com.google.firebase.auth.api.gms.service.START" />
187-->[com.google.firebase:firebase-auth:20.0.4] AndroidManifest.xml:69:17-89
187-->[com.google.firebase:firebase-auth:20.0.4] AndroidManifest.xml:69:25-86
188
189                <category android:name="android.intent.category.DEFAULT" />
189-->[com.firebaseui:firebase-ui-auth:6.4.0] AndroidManifest.xml:95:17-76
189-->[com.firebaseui:firebase-ui-auth:6.4.0] AndroidManifest.xml:95:27-73
190            </intent-filter>
191        </service>
192        <service
192-->[com.google.firebase:firebase-auth:20.0.4] AndroidManifest.xml:74:9-80:19
193            android:name="com.google.firebase.components.ComponentDiscoveryService"
193-->[com.google.firebase:firebase-auth:20.0.4] AndroidManifest.xml:75:13-84
194            android:directBootAware="true"
194-->[com.google.firebase:firebase-common:19.5.0] AndroidManifest.xml:35:13-43
195            android:exported="false" >
195-->[com.google.firebase:firebase-auth:20.0.4] AndroidManifest.xml:76:13-37
196            <meta-data
196-->[com.google.firebase:firebase-auth:20.0.4] AndroidManifest.xml:77:13-79:85
197                android:name="com.google.firebase.components:com.google.firebase.auth.FirebaseAuthRegistrar"
197-->[com.google.firebase:firebase-auth:20.0.4] AndroidManifest.xml:78:17-109
198                android:value="com.google.firebase.components.ComponentRegistrar" />
198-->[com.google.firebase:firebase-auth:20.0.4] AndroidManifest.xml:79:17-82
199            <meta-data
199-->[com.google.firebase:firebase-database:19.7.0] AndroidManifest.xml:32:13-34:85
200                android:name="com.google.firebase.components:com.google.firebase.database.DatabaseRegistrar"
200-->[com.google.firebase:firebase-database:19.7.0] AndroidManifest.xml:33:17-109
201                android:value="com.google.firebase.components.ComponentRegistrar" />
201-->[com.google.firebase:firebase-database:19.7.0] AndroidManifest.xml:34:17-82
202            <meta-data
202-->[com.google.firebase:firebase-storage:19.2.2] AndroidManifest.xml:33:13-35:85
203                android:name="com.google.firebase.components:com.google.firebase.storage.StorageRegistrar"
203-->[com.google.firebase:firebase-storage:19.2.2] AndroidManifest.xml:34:17-107
204                android:value="com.google.firebase.components.ComponentRegistrar" />
204-->[com.google.firebase:firebase-storage:19.2.2] AndroidManifest.xml:35:17-82
205            <meta-data
205-->[com.google.android.gms:play-services-measurement-api:18.0.3] AndroidManifest.xml:30:13-32:85
206                android:name="com.google.firebase.components:com.google.firebase.analytics.connector.internal.AnalyticsConnectorRegistrar"
206-->[com.google.android.gms:play-services-measurement-api:18.0.3] AndroidManifest.xml:31:17-139
207                android:value="com.google.firebase.components.ComponentRegistrar" />
207-->[com.google.android.gms:play-services-measurement-api:18.0.3] AndroidManifest.xml:32:17-82
208            <meta-data
208-->[com.google.firebase:firebase-installations:16.3.5] AndroidManifest.xml:18:13-20:85
209                android:name="com.google.firebase.components:com.google.firebase.installations.FirebaseInstallationsRegistrar"
209-->[com.google.firebase:firebase-installations:16.3.5] AndroidManifest.xml:19:17-127
210                android:value="com.google.firebase.components.ComponentRegistrar" />
210-->[com.google.firebase:firebase-installations:16.3.5] AndroidManifest.xml:20:17-82
211            <!--
212                This registrar is not defined in the dynamic-module-support sdk itself to allow non-firebase
213                clients to use it as well, by defining this registrar in their own core/common library.
214            -->
215            <meta-data
215-->[com.google.firebase:firebase-common:19.5.0] AndroidManifest.xml:43:13-45:85
216                android:name="com.google.firebase.components:com.google.firebase.dynamicloading.DynamicLoadingRegistrar"
216-->[com.google.firebase:firebase-common:19.5.0] AndroidManifest.xml:44:17-121
217                android:value="com.google.firebase.components.ComponentRegistrar" />
217-->[com.google.firebase:firebase-common:19.5.0] AndroidManifest.xml:45:17-82
218        </service>
219
220        <provider
220-->[com.squareup.picasso:picasso:2.71828] AndroidManifest.xml:8:9-11:40
221            android:name="com.squareup.picasso.PicassoProvider"
221-->[com.squareup.picasso:picasso:2.71828] AndroidManifest.xml:9:13-64
222            android:authorities="com.example.doorstep.com.squareup.picasso"
222-->[com.squareup.picasso:picasso:2.71828] AndroidManifest.xml:10:13-72
223            android:exported="false" />
223-->[com.squareup.picasso:picasso:2.71828] AndroidManifest.xml:11:13-37
224        <provider
224-->[com.google.firebase:firebase-common:19.5.0] AndroidManifest.xml:26:9-31:39
225            android:name="com.google.firebase.provider.FirebaseInitProvider"
225-->[com.google.firebase:firebase-common:19.5.0] AndroidManifest.xml:27:13-77
226            android:authorities="com.example.doorstep.firebaseinitprovider"
226-->[com.google.firebase:firebase-common:19.5.0] AndroidManifest.xml:28:13-72
227            android:directBootAware="true"
227-->[com.google.firebase:firebase-common:19.5.0] AndroidManifest.xml:29:13-43
228            android:exported="false"
228-->[com.google.firebase:firebase-common:19.5.0] AndroidManifest.xml:30:13-37
229            android:initOrder="100" />
229-->[com.google.firebase:firebase-common:19.5.0] AndroidManifest.xml:31:13-36
230
231        <activity
231-->[com.google.android.gms:play-services-auth:17.0.0] AndroidManifest.xml:23:9-27:75
232            android:name="com.google.android.gms.auth.api.signin.internal.SignInHubActivity"
232-->[com.google.android.gms:play-services-auth:17.0.0] AndroidManifest.xml:24:13-93
233            android:excludeFromRecents="true"
233-->[com.google.android.gms:play-services-auth:17.0.0] AndroidManifest.xml:25:13-46
234            android:exported="false"
234-->[com.google.android.gms:play-services-auth:17.0.0] AndroidManifest.xml:26:13-37
235            android:theme="@android:style/Theme.Translucent.NoTitleBar" />
235-->[com.google.android.gms:play-services-auth:17.0.0] AndroidManifest.xml:27:13-72
236        <!--
237            Service handling Google Sign-In user revocation. For apps that do not integrate with
238            Google Sign-In, this service will never be started.
239        -->
240        <service
240-->[com.google.android.gms:play-services-auth:17.0.0] AndroidManifest.xml:33:9-36:110
241            android:name="com.google.android.gms.auth.api.signin.RevocationBoundService"
241-->[com.google.android.gms:play-services-auth:17.0.0] AndroidManifest.xml:34:13-89
242            android:exported="true"
242-->[com.google.android.gms:play-services-auth:17.0.0] AndroidManifest.xml:35:13-36
243            android:permission="com.google.android.gms.auth.api.signin.permission.REVOCATION_NOTIFICATION" />
243-->[com.google.android.gms:play-services-auth:17.0.0] AndroidManifest.xml:36:13-107
244
245        <activity
245-->[com.google.android.gms:play-services-base:17.1.0] AndroidManifest.xml:23:9-26:75
246            android:name="com.google.android.gms.common.api.GoogleApiActivity"
246-->[com.google.android.gms:play-services-base:17.1.0] AndroidManifest.xml:24:13-79
247            android:exported="false"
247-->[com.google.android.gms:play-services-base:17.1.0] AndroidManifest.xml:25:13-37
248            android:theme="@android:style/Theme.Translucent.NoTitleBar" />
248-->[com.google.android.gms:play-services-base:17.1.0] AndroidManifest.xml:26:13-72
249
250        <receiver
250-->[com.google.android.gms:play-services-measurement:18.0.3] AndroidManifest.xml:29:9-33:20
251            android:name="com.google.android.gms.measurement.AppMeasurementReceiver"
251-->[com.google.android.gms:play-services-measurement:18.0.3] AndroidManifest.xml:30:13-85
252            android:enabled="true"
252-->[com.google.android.gms:play-services-measurement:18.0.3] AndroidManifest.xml:31:13-35
253            android:exported="false" >
253-->[com.google.android.gms:play-services-measurement:18.0.3] AndroidManifest.xml:32:13-37
254        </receiver>
255
256        <service
256-->[com.google.android.gms:play-services-measurement:18.0.3] AndroidManifest.xml:35:9-38:40
257            android:name="com.google.android.gms.measurement.AppMeasurementService"
257-->[com.google.android.gms:play-services-measurement:18.0.3] AndroidManifest.xml:36:13-84
258            android:enabled="true"
258-->[com.google.android.gms:play-services-measurement:18.0.3] AndroidManifest.xml:37:13-35
259            android:exported="false" />
259-->[com.google.android.gms:play-services-measurement:18.0.3] AndroidManifest.xml:38:13-37
260        <service
260-->[com.google.android.gms:play-services-measurement:18.0.3] AndroidManifest.xml:39:9-43:72
261            android:name="com.google.android.gms.measurement.AppMeasurementJobService"
261-->[com.google.android.gms:play-services-measurement:18.0.3] AndroidManifest.xml:40:13-87
262            android:enabled="true"
262-->[com.google.android.gms:play-services-measurement:18.0.3] AndroidManifest.xml:41:13-35
263            android:exported="false"
263-->[com.google.android.gms:play-services-measurement:18.0.3] AndroidManifest.xml:42:13-37
264            android:permission="android.permission.BIND_JOB_SERVICE" />
264-->[com.google.android.gms:play-services-measurement:18.0.3] AndroidManifest.xml:43:13-69
265
266        <provider
266-->[androidx.lifecycle:lifecycle-process:2.1.0] AndroidManifest.xml:23:9-27:43